{
"contracts/QuizFactory.sol":{"l":{"15":1,"16":1,"20":1},"path":"/Users/denisdinkov/Documents/GitHub/Quiz-Contract/contracts/QuizFactory.sol","s":{"1":1,"2":1,"3":1},"b":{},"f":{"1":1,"2":1,"3":1},"fnMap":{"1":{"name":"constructor","line":9,"loc":{"start":{"line":9,"column":4},"end":{"line":9,"column":27}}},"2":{"name":"createQuiz","line":11,"loc":{"start":{"line":11,"column":4},"end":{"line":17,"column":4}}},"3":{"name":"getQuizzes","line":19,"loc":{"start":{"line":19,"column":4},"end":{"line":21,"column":4}}}},"statementMap":{"1":{"start":{"line":15,"column":8},"end":{"line":15,"column":78}},"2":{"start":{"line":16,"column":8},"end":{"line":16,"column":25}},"3":{"start":{"line":20,"column":8},"end":{"line":20,"column":22}}},"branchMap":{}},
"contracts/QuizGame.sol":{"l":{"10":2,"11":2,"15":3,"20":2,"22":1,"23":1,"26":1,"31":1},"path":"/Users/denisdinkov/Documents/GitHub/Quiz-Contract/contracts/QuizGame.sol","s":{"1":3,"2":2,"3":1,"4":1,"5":1,"6":1},"b":{"1":[2,1],"2":[1,1],"3":[1,0]},"f":{"1":2,"2":3,"3":1,"4":1},"fnMap":{"1":{"name":"constructor","line":9,"loc":{"start":{"line":9,"column":4},"end":{"line":12,"column":4}}},"2":{"name":"guess","line":14,"loc":{"start":{"line":14,"column":4},"end":{"line":28,"column":4}}},"3":{"name":"getBalance","line":30,"loc":{"start":{"line":30,"column":4},"end":{"line":32,"column":4}}},"4":{"name":null,"line":34,"loc":{"start":{"line":34,"column":4},"end":{"line":34,"column":33}}}},"statementMap":{"1":{"start":{"line":15,"column":8},"end":{"line":15,"column":388}},"2":{"start":{"line":20,"column":8},"end":{"line":20,"column":61}},"3":{"start":{"line":22,"column":8},"end":{"line":22,"column":585}},"4":{"start":{"line":23,"column":12},"end":{"line":23,"column":640}},"5":{"start":{"line":26,"column":12},"end":{"line":26,"column":23}},"6":{"start":{"line":31,"column":8},"end":{"line":31,"column":36}}},"branchMap":{"1":{"line":15,"type":"if","locations":[{"start":{"line":15,"column":8},"end":{"line":15,"column":8}},{"start":{"line":15,"column":8},"end":{"line":15,"column":8}}]},"2":{"line":20,"type":"if","locations":[{"start":{"line":20,"column":8},"end":{"line":20,"column":8}},{"start":{"line":20,"column":8},"end":{"line":20,"column":8}}]},"3":{"line":22,"type":"if","locations":[{"start":{"line":22,"column":8},"end":{"line":22,"column":8}},{"start":{"line":22,"column":8},"end":{"line":22,"column":8}}]}}}}
