TN:
SF:/Users/denisdinkov/Documents/GitHub/Quiz-Contract/contracts/QuizFactory.sol
FN:9,constructor
FN:11,createQuiz
FN:19,getQuizzes
FNF:3
FNH:3
FNDA:1,constructor
FNDA:1,createQuiz
FNDA:1,getQuizzes
DA:15,1
DA:16,1
DA:20,1
LF:3
LH:3
BRF:0
BRH:0
end_of_record
TN:
SF:/Users/denisdinkov/Documents/GitHub/Quiz-Contract/contracts/QuizGame.sol
FN:9,constructor
FN:14,guess
FN:30,getBalance
FN:34,
FNF:4
FNH:4
FNDA:2,constructor
FNDA:3,guess
FNDA:1,getBalance
FNDA:1,
DA:10,2
DA:11,2
DA:15,3
DA:20,2
DA:22,1
DA:23,1
DA:26,1
DA:31,1
LF:8
LH:8
BRDA:15,1,0,2
BRDA:15,1,1,1
BRDA:20,2,0,1
BRDA:20,2,1,1
BRDA:22,3,0,1
BRDA:22,3,1,0
BRF:6
BRH:5
end_of_record
